{"C:\\Users\\joao.galzerani\\Downloads\\aulaT\\soma.js": {"path":"C:\\Users\\joao.galzerani\\Downloads\\aulaT\\soma.js","statementMap":{"0":{"start":{"line":2,"column":4},"end":{"line":2,"column":17}},"1":{"start":{"line":6,"column":4},"end":{"line":6,"column":17}},"2":{"start":{"line":9,"column":0},"end":{"line":9,"column":33}}},"fnMap":{"0":{"name":"soma","decl":{"start":{"line":1,"column":9},"end":{"line":1,"column":13}},"loc":{"start":{"line":1,"column":19},"end":{"line":3,"column":1}},"line":1},"1":{"name":"subtracao","decl":{"start":{"line":5,"column":9},"end":{"line":5,"column":18}},"loc":{"start":{"line":5,"column":24},"end":{"line":7,"column":1}},"line":5}},"branchMap":{},"s":{"0":1,"1":0,"2":1},"f":{"0":1,"1":0},"b":{},"_coverageSchema":"1a1c01bbd47fc00a2c39e90264f33305004495a9","hash":"f491e7c813c3443475fe64f1c20e60e34a9c0a87"}
,"C:\\Users\\joao.galzerani\\Downloads\\aulaT\\validador.js": {"path":"C:\\Users\\joao.galzerani\\Downloads\\aulaT\\validador.js","statementMap":{"0":{"start":{"line":2,"column":18},"end":{"line":2,"column":46}},"1":{"start":{"line":3,"column":4},"end":{"line":3,"column":29}},"2":{"start":{"line":6,"column":0},"end":{"line":6,"column":30}}},"fnMap":{"0":{"name":"isValidEmail","decl":{"start":{"line":1,"column":9},"end":{"line":1,"column":21}},"loc":{"start":{"line":1,"column":28},"end":{"line":4,"column":1}},"line":1}},"branchMap":{},"s":{"0":4,"1":4,"2":1},"f":{"0":4},"b":{},"_coverageSchema":"1a1c01bbd47fc00a2c39e90264f33305004495a9","hash":"c1cfd53632d35b2cc695f8c2893b05a7af5ebe7c"}
}
